<?xml version="1.0" encoding="UTF-8"?>
<!-- Generated by org.testng.reporters.JUnitReportReporter -->
<testsuite hostname="ALEXIS-PC" failures="0" tests="2" name="tests.LoginTest" time="6.077" errors="0" timestamp="2023-07-14T12:39:25 CST" skipped="0">
  <testcase classname="tests.LoginTest" name="TC02" time="5.397"/>
  <system-out/>
  <testcase classname="tests.LoginTest" name="TC18" time="0.680"/>
  <system-out/>
</testsuite> <!-- tests.LoginTest -->
