<?xml version="1.0" encoding="UTF-8"?>
<!-- Generated by org.testng.reporters.JUnitReportReporter -->
<testsuite hostname="ALEXIS-PC" failures="0" tests="2" name="tests.LoginPractice" time="5.903" errors="0" timestamp="2023-07-14T13:39:09 CST" skipped="0">
  <testcase classname="tests.LoginPractice" name="TC14" time="0.322"/>
  <system-out/>
  <testcase classname="tests.LoginPractice" name="TC02" time="5.581"/>
  <system-out/>
</testsuite> <!-- tests.LoginPractice -->
