<?xml version="1.0" encoding="UTF-8"?>
<!-- Generated by org.testng.reporters.JUnitReportReporter -->
<testsuite hostname="ALEXIS-PC" failures="0" tests="1" name="tests.PhotocommerceTest" time="5.621" errors="0" timestamp="2023-07-10T13:13:52 CST" skipped="0">
  <testcase classname="tests.PhotocommerceTest" name="TC01" time="5.621"/>
  <system-out/>
</testsuite> <!-- tests.PhotocommerceTest -->
